c:\projects@sj\backgroud\refer\bgsapp\direstshowtest\virtualcamera\debug\virtualcamera.bsc
c:\projects@sj\backgroud\refer\bgsapp\direstshowtest\virtualcamera-nqq\debug\virtualcamera.bsc
c:\projects@sj\backgroud\refer\bgsapp\direstshowtest\virtualcamera\debug\vc120.pdb
c:\projects@sj\backgroud\refer\bgsapp\direstshowtest\virtualcamera\debug\vc120.idb
c:\projects@sj\backgroud\refer\bgsapp\direstshowtest\virtualcamera\debug\filter.sbr
c:\projects@sj\backgroud\refer\bgsapp\direstshowtest\virtualcamera\debug\dll.sbr
c:\projects@sj\backgroud\refer\bgsapp\direstshowtest\virtualcamera\debug\dibhelper.sbr
c:\projects@sj\backgroud\refer\bgsapp\direstshowtest\virtualcamera\debug\dibhelper.obj
c:\projects@sj\backgroud\refer\bgsapp\direstshowtest\virtualcamera\debug\dll.obj
c:\projects@sj\backgroud\refer\bgsapp\direstshowtest\virtualcamera\debug\filter.obj
c:\projects@sj\backgroud\refer\bgsapp\direstshowtest\virtualcamera-nqq\debug\vc120.pdb
c:\projects@sj\backgroud\refer\bgsapp\direstshowtest\virtualcamera-nqq\debug\vc120.idb
c:\projects@sj\backgroud\refer\bgsapp\direstshowtest\virtualcamera-nqq\debug\filter.sbr
c:\projects@sj\backgroud\refer\bgsapp\direstshowtest\virtualcamera-nqq\debug\dll.sbr
c:\projects@sj\backgroud\refer\bgsapp\direstshowtest\virtualcamera-nqq\debug\dibhelper.sbr
c:\projects@sj\backgroud\refer\bgsapp\direstshowtest\virtualcamera-nqq\debug\dibhelper.obj
c:\projects@sj\backgroud\refer\bgsapp\direstshowtest\virtualcamera-nqq\debug\dll.obj
c:\projects@sj\backgroud\refer\bgsapp\direstshowtest\virtualcamera-nqq\debug\filter.obj
c:\projects@sj\backgroud\refer\bgsapp\direstshowtest\virtualcamera\vcam.ilk
c:\projects@sj\backgroud\refer\bgsapp\direstshowtest\virtualcamera\vcam.ax
c:\projects@sj\backgroud\refer\bgsapp\direstshowtest\virtualcamera\vcam.pdb
c:\projects@sj\backgroud\refer\bgsapp\direstshowtest\virtualcamera-nqq\vcam.ilk
c:\projects@sj\backgroud\refer\bgsapp\direstshowtest\virtualcamera-nqq\vcam.ax
c:\projects@sj\backgroud\refer\bgsapp\direstshowtest\virtualcamera-nqq\vcam.pdb
c:\projects@sj\backgroud\refer\bgsapp\direstshowtest\virtualcamera\debug\vcam.lib
c:\projects@sj\backgroud\refer\bgsapp\direstshowtest\virtualcamera\debug\vcam.exp
c:\projects@sj\backgroud\refer\bgsapp\direstshowtest\virtualcamera-nqq\debug\vcam.lib
c:\projects@sj\backgroud\refer\bgsapp\direstshowtest\virtualcamera-nqq\debug\vcam.exp
c:\projects@sj\backgroud\refer\虚拟摄像头\virtualcamera-fqq\virtualcamera-fqq\debug\dibhelper.obj
c:\projects@sj\backgroud\refer\虚拟摄像头\virtualcamera-fqq\virtualcamera-fqq\debug\dll.obj
c:\projects@sj\backgroud\refer\虚拟摄像头\virtualcamera-fqq\virtualcamera-fqq\debug\filter.obj
c:\projects@sj\backgroud\refer\虚拟摄像头\virtualcamera-fqq\virtualcamera-fqq\debug\vcam.exp
c:\projects@sj\backgroud\refer\虚拟摄像头\virtualcamera-fqq\virtualcamera-fqq\debug\vc120.idb
c:\projects@sj\backgroud\refer\虚拟摄像头\virtualcamera-fqq\virtualcamera-fqq\debug\vc120.pdb
c:\projects@sj\backgroud\refer\虚拟摄像头\virtualcamera-fqq\virtualcamera-fqq\debug\virtualcamera.bsc
c:\projects@sj\backgroud\refer\虚拟摄像头\virtualcamera-fqq\virtualcamera-fqq\debug\dibhelper.sbr
c:\projects@sj\backgroud\refer\虚拟摄像头\virtualcamera-fqq\virtualcamera-fqq\debug\dll.sbr
c:\projects@sj\backgroud\refer\虚拟摄像头\virtualcamera-fqq\virtualcamera-fqq\debug\filter.sbr
c:\projects@sj\backgroud\refer\虚拟摄像头\virtualcamera-fqq\virtualcamera-fqq\.\vcam.ax
c:\projects@sj\backgroud\refer\虚拟摄像头\virtualcamera-fqq\virtualcamera-fqq\debug\virtualcamera.tlog\bscmake.command.1.tlog
c:\projects@sj\backgroud\refer\虚拟摄像头\virtualcamera-fqq\virtualcamera-fqq\debug\virtualcamera.tlog\bscmake.read.1.tlog
c:\projects@sj\backgroud\refer\虚拟摄像头\virtualcamera-fqq\virtualcamera-fqq\debug\virtualcamera.tlog\bscmake.write.1.tlog
c:\projects@sj\backgroud\refer\虚拟摄像头\virtualcamera-fqq\virtualcamera-fqq\debug\virtualcamera.tlog\cl.command.1.tlog
c:\projects@sj\backgroud\refer\虚拟摄像头\virtualcamera-fqq\virtualcamera-fqq\debug\virtualcamera.tlog\cl.read.1.tlog
c:\projects@sj\backgroud\refer\虚拟摄像头\virtualcamera-fqq\virtualcamera-fqq\debug\virtualcamera.tlog\cl.write.1.tlog
c:\projects@sj\backgroud\refer\虚拟摄像头\virtualcamera-fqq\virtualcamera-fqq\debug\virtualcamera.tlog\link.command.1.tlog
c:\projects@sj\backgroud\refer\虚拟摄像头\virtualcamera-fqq\virtualcamera-fqq\debug\virtualcamera.tlog\link.read.1.tlog
c:\projects@sj\backgroud\refer\虚拟摄像头\virtualcamera-fqq\virtualcamera-fqq\debug\virtualcamera.tlog\link.write.1.tlog
c:\projects@sj\backgroud\refer\虚拟摄像头\virtualcamera-fqq\virtualcamera-fqq\debug\virtualcamera.tlog\virtualcamera.write.1u.tlog
