Build started 9/1/2020 12:04:43 PM.
     1>Project "C:\Users\taoji\OneDrive\teleconferenceProj\vcamcsdn\VirtualCamera-\VirtualCamera-FQQ\VirtualCamera.vcxproj" on node 2 (Build target(s)).
     1>ClCompile:
         C:\Program Files (x86)\Microsoft Visual Studio 12.0\VC\bin\CL.exe /c /ZI /nologo /W3 /WX- /Od /Oy- /D WIN32 /D _DEBUG /D _WINDOWS /D _USRDLL /D VIRTUALCAMERA_EXPORTS /D _VC80_UPGRADE=0x0600 /D _WINDLL /D _MBCS /Gm /EHsc /RTC1 /MTd /GS /Gy- /fp:precise /Zc:wchar_t /Zc:forScope /Fo".\Debug\\" /Fd".\Debug\vc120.pdb" /FR".\Debug\\" /Gd /TP /analyze- /errorReport:prompt DibHelper.cpp Dll.cpp Filter.cpp
         Filter.cpp
     1>c:\users\taoji\onedrive\teleconferenceproj\vcamcsdn\virtualcamera-\virtualcamera-fqq\filter.cpp(369): warning C4018: '<' : signed/unsigned mismatch
         Dll.cpp
         STREAMS.H included TWICE
         DibHelper.cpp
         Generating Code...
       Link:
         C:\Program Files (x86)\Microsoft Visual Studio 12.0\VC\bin\link.exe /ERRORREPORT:PROMPT /OUT:"VCam.ax" /INCREMENTAL /NOLOGO "C:\Users\taoji\OneDrive\teleconferenceProj\vcamcsdn\VirtualCamera-\VirtualCamera-FQQ\dshow\lib\strmbasd.lib" odbc32.lib odbccp32.lib strmbasd.lib kernel32.lib user32.lib gdi32.lib winspool.lib comdlg32.lib advapi32.lib shell32.lib ole32.lib oleaut32.lib uuid.lib odbc32.lib odbccp32.lib /NODEFAULTLIB:libcmtd.lib /DEF:".\Dll.def" /MANIFEST /MANIFESTUAC:"level='asInvoker' uiAccess='false'" /manifest:embed /DEBUG /PDB:".\VCam.pdb" /SUBSYSTEM:CONSOLE /TLBID:1 /DYNAMICBASE /NXCOMPAT /IMPLIB:".\Debug\VCam.lib" /MACHINE:X86 /SAFESEH /DLL .\Debug\DibHelper.obj
         .\Debug\Dll.obj
         .\Debug\Filter.obj
     1>DibHelper.obj : warning LNK4075: ignoring '/EDITANDCONTINUE' due to '/SAFESEH' specification
            Creating library .\Debug\VCam.lib and object .\Debug\VCam.exp
     1>strmbasd.lib(amfilter.obj) : warning LNK4099: PDB 'vc100.pdb' was not found with 'strmbasd.lib(amfilter.obj)' or at 'C:\Users\taoji\OneDrive\teleconferenceProj\vcamcsdn\VirtualCamera-\VirtualCamera-FQQ\vc100.pdb'; linking object as if no debug info
     1>strmbasd.lib(amvideo.obj) : warning LNK4099: PDB 'vc100.pdb' was not found with 'strmbasd.lib(amvideo.obj)' or at 'C:\Users\taoji\OneDrive\teleconferenceProj\vcamcsdn\VirtualCamera-\VirtualCamera-FQQ\vc100.pdb'; linking object as if no debug info
     1>strmbasd.lib(combase.obj) : warning LNK4099: PDB 'vc100.pdb' was not found with 'strmbasd.lib(combase.obj)' or at 'C:\Users\taoji\OneDrive\teleconferenceProj\vcamcsdn\VirtualCamera-\VirtualCamera-FQQ\vc100.pdb'; linking object as if no debug info
     1>strmbasd.lib(dllentry.obj) : warning LNK4099: PDB 'vc100.pdb' was not found with 'strmbasd.lib(dllentry.obj)' or at 'C:\Users\taoji\OneDrive\teleconferenceProj\vcamcsdn\VirtualCamera-\VirtualCamera-FQQ\vc100.pdb'; linking object as if no debug info
     1>strmbasd.lib(dllsetup.obj) : warning LNK4099: PDB 'vc100.pdb' was not found with 'strmbasd.lib(dllsetup.obj)' or at 'C:\Users\taoji\OneDrive\teleconferenceProj\vcamcsdn\VirtualCamera-\VirtualCamera-FQQ\vc100.pdb'; linking object as if no debug info
     1>strmbasd.lib(mtype.obj) : warning LNK4099: PDB 'vc100.pdb' was not found with 'strmbasd.lib(mtype.obj)' or at 'C:\Users\taoji\OneDrive\teleconferenceProj\vcamcsdn\VirtualCamera-\VirtualCamera-FQQ\vc100.pdb'; linking object as if no debug info
     1>strmbasd.lib(source.obj) : warning LNK4099: PDB 'vc100.pdb' was not found with 'strmbasd.lib(source.obj)' or at 'C:\Users\taoji\OneDrive\teleconferenceProj\vcamcsdn\VirtualCamera-\VirtualCamera-FQQ\vc100.pdb'; linking object as if no debug info
     1>strmbasd.lib(winutil.obj) : warning LNK4099: PDB 'vc100.pdb' was not found with 'strmbasd.lib(winutil.obj)' or at 'C:\Users\taoji\OneDrive\teleconferenceProj\vcamcsdn\VirtualCamera-\VirtualCamera-FQQ\vc100.pdb'; linking object as if no debug info
     1>strmbasd.lib(wxdebug.obj) : warning LNK4099: PDB 'vc100.pdb' was not found with 'strmbasd.lib(wxdebug.obj)' or at 'C:\Users\taoji\OneDrive\teleconferenceProj\vcamcsdn\VirtualCamera-\VirtualCamera-FQQ\vc100.pdb'; linking object as if no debug info
     1>strmbasd.lib(wxlist.obj) : warning LNK4099: PDB 'vc100.pdb' was not found with 'strmbasd.lib(wxlist.obj)' or at 'C:\Users\taoji\OneDrive\teleconferenceProj\vcamcsdn\VirtualCamera-\VirtualCamera-FQQ\vc100.pdb'; linking object as if no debug info
     1>strmbasd.lib(wxutil.obj) : warning LNK4099: PDB 'vc100.pdb' was not found with 'strmbasd.lib(wxutil.obj)' or at 'C:\Users\taoji\OneDrive\teleconferenceProj\vcamcsdn\VirtualCamera-\VirtualCamera-FQQ\vc100.pdb'; linking object as if no debug info
         VirtualCamera.vcxproj -> C:\Users\taoji\OneDrive\teleconferenceProj\vcamcsdn\VirtualCamera-\VirtualCamera-FQQ\.\VCam.ax
       BscMake:
         C:\Program Files (x86)\Microsoft Visual Studio 12.0\VC\bin\bscmake.exe /nologo /o".\Debug\VirtualCamera.bsc" .\Debug\DibHelper.sbr .\Debug\Dll.sbr .\Debug\Filter.sbr
     1>Done Building Project "C:\Users\taoji\OneDrive\teleconferenceProj\vcamcsdn\VirtualCamera-\VirtualCamera-FQQ\VirtualCamera.vcxproj" (Build target(s)).

Build succeeded.

Time Elapsed 00:00:03.72
